<!DOCTYPE html>
<html>
<head>
    <!-- no cache -->
    <meta http-equiv="Cache-Control" content="no-store" />
    <meta http-equiv="Pragma" content="no-cache" />
    <meta http-equiv="Expires" content="0" />
    <title>FastLED Compilation Error ZACH</title>
    <style>
        body {
            background-color: #1a1a1a;
            color: #ffffff;
            font-family: Arial, sans-serif;
            margin: 20px;
            padding: 20px;
        }
        pre {
            color: #ffffff;
            background-color: #1a1a1a;
            border: 1px solid #444444;
            border-radius: 4px;
            padding: 15px;
            white-space: pre-wrap;
            word-wrap: break-word;
        }
    </style>
</head>
<body>
    <h1>Compilation Failed</h1>
    <pre>Compilation failed with return code 1:
Starting FastLED WASM compilation script...
Keep files flag: False
Using mapped directory: /tmp/tmpuq865pjc
Normal build, so removing /js/src
Copying files from mapped directory to container...
Copying directory: /tmp/tmpuq865pjc/wasm/lib
Copying directory: /tmp/tmpuq865pjc/wasm/include
Copying directory: /tmp/tmpuq865pjc/wasm/src
Copying directory: /tmp/tmpuq865pjc/wasm/test
Copying file: /tmp/tmpuq865pjc/wasm/build_mode.txt -> /js/src/build_mode.txt
Transforming files to cpp...

########################################
# Inserting headers in source files... #
########################################

Inserting header in file: /js/src/src/matrixMap_32x48_3pin.h
Processed: /js/src/src/matrixMap_32x48_3pin.h
Inserting header in file: /js/src/src/bleControl.h
Processed: /js/src/src/bleControl.h
Inserting header in file: /js/src/src/palettes.h
Processed: /js/src/src/palettes.h
Inserting header in file: /js/src/src/main.cpp
Processed: /js/src/src/main.cpp
Current directory: /js/src structure has [PosixPath('/js/src/lib'), PosixPath('/js/src/include'), PosixPath('/js/src/src'), PosixPath('/js/src/test'), PosixPath('/js/src/build_mode.txt')]

############################################################
# Transform to cpp and insert header operations completed. #
############################################################


###########################################################
# Starting compilation process with mode: BuildMode.QUICK #
#   js_dir: /js                                           #
#   profile_build: False                                  #
###########################################################

Starting compilation...
Starting compilation process...

###################################
# WASM is building in mode: QUICK #
###################################


####################################################################
# Build process profiling is disabled                              #
# use --profile to get metrics on how long the build process took. #
####################################################################

Command: pio run -v -e wasm-quick
Command cwd: /js

###############################
# Build started with command: #
#   pio run -v -e wasm-quick  #
###############################

0.39 Warning! Ignore unknown configuration option `force_verbose` in section [env:wasm-base]
0.39 Warning! Ignore unknown configuration option `link_flags` in section [env:wasm-base]
0.39 Warning! Ignore unknown configuration option `build_dir` in section [env:wasm-debug]
0.39 Warning! Ignore unknown configuration option `link_flags` in section [env:wasm-debug]
0.39 Warning! Ignore unknown configuration option `build_dir` in section [env:wasm-quick]
0.39 Warning! Ignore unknown configuration option `link_flags` in section [env:wasm-quick]
0.39 Warning! Ignore unknown configuration option `build_dir` in section [env:wasm-release]
0.39 Warning! Ignore unknown configuration option `link_flags` in section [env:wasm-release]
0.40 Processing wasm-quick (extends: wasm-base; platform: native; lib_ldf_mode: off; extra_scripts: post:wasm_compiler_flags.py; build_dir: build/wasm; custom_wasm_export_name: fastled; build_flags: -DFASTLED_ENGINE_EVENTS_MAX_LISTENERS=50, -DFASTLED_FORCE_NAMESPACE=1, -DFASTLED_USE_PROGMEM=0, -DUSE_OFFSET_CONVERTER=0, -DSKETCH_COMPILE=1, -std=gnu++17, -fpermissive, -Wno-constant-logical-operand, -Wnon-c-typedef-for-linkage, -Werror=bad-function-cast, -Werror=cast-function-type, -Wno-comment, -Isrc, -Isrc, -Isrc/platforms/wasm/compiler, -O0, -sASSERTIONS=0, -g0, -fno-inline-functions, -fno-vectorize, -fno-unroll-loops, -fno-strict-aliasing, -L/build/quick -lfastled; link_flags:
0.40 
0.40 --bind
0.40 -fuse-ld=lld
0.40 -sWASM=1
0.40 -sALLOW_MEMORY_GROWTH=1
0.40 -sINITIAL_MEMORY=134217728
0.40 -sEXPORTED_RUNTIME_METHODS=['ccall','cwrap','stringToUTF8','lengthBytesUTF8']
0.40 -sEXPORTED_FUNCTIONS=['_malloc','_free','_extern_setup','_extern_loop','_fastled_declare_files']
0.40 --no-entry
0.40 --emit-symbol-map
0.40 -sMODULARIZE=1
0.40 -sEXPORT_NAME=fastled
0.40 -sUSE_PTHREADS=0
0.40 -sEXIT_RUNTIME=0
0.40 -sFILESYSTEM=0
0.40 -Wl,--whole-archive
0.40 --source-map-base=http://localhost:8000/
0.40 -sASSERTIONS=0)
0.40 --------------------------------------------------------------------------------
0.90 LDF: Library Dependency Finder -> https://bit.ly/configure-pio-ldf
0.90 LDF Modes: Finder ~ off, Compatibility ~ soft
0.90 Found 0 compatible libraries
0.90 Scanning dependencies...
0.90 No dependencies
0.91 Building in release mode
0.91 
0.91 #########################
0.91 # C++/C Compiler Flags: #
0.91 #########################
0.91 
0.91 CC/CXX flags:
0.91   -DFASTLED_ENGINE_EVENTS_MAX_LISTENERS=50
0.91   -DFASTLED_FORCE_NAMESPACE=1
0.91   -DFASTLED_USE_PROGMEM=0
0.91   -DUSE_OFFSET_CONVERTER=0
0.91   -std=gnu++17
0.91   -fpermissive
0.91   -Wno-constant-logical-operand
0.91   -Wnon-c-typedef-for-linkage
0.91   -Werror=bad-function-cast
0.91   -Werror=cast-function-type
0.91   -sERROR_ON_WASM_CHANGES_AFTER_LINK
0.91   -I
0.91   src
0.91   -I/js/fastled/src/platforms/wasm/compiler
0.91   -Oz
0.91 FastLED Library CC flags:
0.91   -Werror=bad-function-cast
0.91   -Werror=cast-function-type
0.91   -I/js/fastled/src/platforms/wasm/compiler
0.91 Sketch CC flags:
0.91 
0.91 #################
0.91 # Linker Flags: #
0.91 #################
0.91 
0.91   --bind
0.91   -fuse-ld=lld
0.91   -sWASM=1
0.91   -sALLOW_MEMORY_GROWTH=1
0.91   -sINITIAL_MEMORY=134217728
0.91   -sEXPORTED_RUNTIME_METHODS=['ccall','cwrap','stringToUTF8','lengthBytesUTF8']
0.91   -sEXPORTED_FUNCTIONS=['_malloc','_free','_extern_setup','_extern_loop','_fastled_declare_files']
0.91   --no-entry
0.91   -sMODULARIZE=1
0.91   -sEXPORT_NAME=fastled
0.91   -o
0.91   /js/.pio/build/wasm-quick/fastled.js
0.91 
0.91 ##########################
0.91 # FastLED Library Flags: #
0.91 ##########################
0.91 
0.91   --bind
0.91   -Wl,--whole-archive,-fuse-ld=lld
0.91   -Werror=bad-function-cast
0.91   -Werror=cast-function-type
0.91 
0.91 #######################################
0.91 # End of Flags                        #
0.91 # Begin compile/link using PlatformIO #
0.91 #######################################
0.91 
1.02 ccache em++ -o .pio/build/wasm-quick/src/src/main.o -c -std=gnu++17 -fpermissive -Wno-constant-logical-operand -Wnon-c-typedef-for-linkage -Werror=bad-function-cast -Werror=cast-function-type -Wno-comment -O0 -sASSERTIONS=0 -g0 -fno-inline-functions -fno-vectorize -fno-unroll-loops -fno-strict-aliasing -DPLATFORMIO=60118 -DFASTLED_ENGINE_EVENTS_MAX_LISTENERS=50 -DFASTLED_FORCE_NAMESPACE=1 -DFASTLED_USE_PROGMEM=0 -DUSE_OFFSET_CONVERTER=0 -DSKETCH_COMPILE=1 -Isrc -Isrc -Isrc/platforms/wasm/compiler src/src/main.cpp
1.78 em++: warning: linker setting ignored during compilation: 'ASSERTIONS' [-Wunused-command-line-argument]
4.19 src/src/main.cpp:8:10: fatal error: 'Preferences.h' file not found
4.19     8 | #include <Preferences.h>
4.19       |          ^~~~~~~~~~~~~~~
4.20 1 error generated.
4.22 *** [.pio/build/wasm-quick/src/src/main.o] Error 1
4.32 ========================== [FAILED] Took 3.92 seconds ==========================
4.32 
4.32 Environment    Status    Duration
4.32 -------------  --------  ------------
4.32 wasm-base      IGNORED
4.32 wasm-debug     IGNORED
4.32 wasm-quick     FAILED    00:00:03.920
4.32 wasm-release   IGNORED
4.32 ==================== 1 failed, 0 succeeded in 00:00:03.920 ====================

##################################
# Compilation process Finsished. #
##################################


##########################################
# Compilation failed with return code 1. #
#                                        #
##########################################

Check the output above for details.
Compilation return code: 1
Compilation failed.
Error: Compilation failed.

######################################
# Error: Compiler failed with code 1 #
######################################

Compilation error: Error: Compiler failed with code 1
</pre>
</body>
</html>